Assembler report for task1_top
Mon Jan 18 17:24:07 2021
Quartus Prime Version 20.1.0 Build 711 06/05/2020 SJ Lite Edition


---------------------
; Table of Contents ;
---------------------
  1. Legal Notice
  2. Assembler Summary
  3. Assembler Settings
  4. Assembler Generated Files
  5. Assembler Device Options: task1_top.sof
  6. Assembler Messages



----------------
; Legal Notice ;
----------------
Copyright (C) 2020  Intel Corporation. All rights reserved.
Your use of Intel Corporation's design tools, logic functions 
and other software and tools, and any partner logic 
functions, and any output files from any of the foregoing 
(including device programming or simulation files), and any 
associated documentation or information are expressly subject 
to the terms and conditions of the Intel Program License 
Subscription Agreement, the Intel Quartus Prime License Agreement,
the Intel FPGA IP License Agreement, or other applicable license
agreement, including, without limitation, that your use is for
the sole purpose of programming logic devices manufactured by
Intel and sold by Intel or its authorized distributors.  Please
refer to the applicable agreement for further details, at
https://fpgasoftware.intel.com/eula.



+---------------------------------------------------------------+
; Assembler Summary                                             ;
+-----------------------+---------------------------------------+
; Assembler Status      ; Successful - Mon Jan 18 17:24:07 2021 ;
; Revision Name         ; task1_top                             ;
; Top-level Entity Name ; task1_top                             ;
; Family                ; MAX 10                                ;
; Device                ; 10M50DAF484C7G                        ;
+-----------------------+---------------------------------------+


+----------------------------------+
; Assembler Settings               ;
+--------+---------+---------------+
; Option ; Setting ; Default Value ;
+--------+---------+---------------+


+-------------------------------------------------------+
; Assembler Generated Files                             ;
+-------------------------------------------------------+
; File Name                                             ;
+-------------------------------------------------------+
; /home/e2/E2_CAS/lab1/task1/output_files/task1_top.sof ;
+-------------------------------------------------------+


+-----------------------------------------+
; Assembler Device Options: task1_top.sof ;
+----------------+------------------------+
; Option         ; Setting                ;
+----------------+------------------------+
; JTAG usercode  ; 0x00271992             ;
; Checksum       ; 0x00271992             ;
+----------------+------------------------+


+--------------------+
; Assembler Messages ;
+--------------------+
Info: *******************************************************************
Info: Running Quartus Prime Assembler
    Info: Version 20.1.0 Build 711 06/05/2020 SJ Lite Edition
    Info: Processing started: Mon Jan 18 17:24:01 2021
Info: Command: quartus_asm --read_settings_files=off --write_settings_files=off task1 -c task1_top
Warning (18236): Number of processors has not been specified which may cause overloading on shared machines.  Set the global assignment NUM_PARALLEL_PROCESSORS in your QSF to an appropriate value for best performance.
Info (115031): Writing out detailed assembly data for power analysis
Info (115030): Assembler is generating device programming files
Info: Quartus Prime Assembler was successful. 0 errors, 1 warning
    Info: Peak virtual memory: 378 megabytes
    Info: Processing ended: Mon Jan 18 17:24:07 2021
    Info: Elapsed time: 00:00:06
    Info: Total CPU time (on all processors): 00:00:04


